<?xml version="1.0" encoding="UTF-8"?>
<testng-results ignored="0" total="1" passed="1" failed="0" skipped="0">
  <reporter-output>
  </reporter-output>
  <suite started-at="2024-12-01T18:17:02 IST" name="Default suite" finished-at="2024-12-01T18:17:07 IST" duration-ms="4610">
    <groups>
    </groups>
    <test started-at="2024-12-01T18:17:02 IST" name="Default test" finished-at="2024-12-01T18:17:07 IST" duration-ms="4610">
      <class name="testngpackage.Guruu99">
        <test-method is-config="true" signature="setUp()[pri:0, instance:testngpackage.Guruu99@7526515b]" started-at="2024-12-01T18:17:02 IST" name="setUp" finished-at="2024-12-01T18:17:06 IST" duration-ms="3966" status="PASS">
          <reporter-output>
          </reporter-output>
        </test-method> <!-- setUp -->
        <test-method signature="rhtDble()[pri:0, instance:testngpackage.Guruu99@7526515b]" started-at="2024-12-01T18:17:06 IST" name="rhtDble" finished-at="2024-12-01T18:17:07 IST" duration-ms="584" status="PASS">
          <reporter-output>
          </reporter-output>
        </test-method> <!-- rhtDble -->
      </class> <!-- testngpackage.Guruu99 -->
    </test> <!-- Default test -->
  </suite> <!-- Default suite -->
</testng-results>
